<?xml version="1.0" encoding="UTF-8"?>
<testsuite xmlns:xsi="http://www.w3.org/2001/XMLSchema-instance" xsi:noNamespaceSchemaLocation="https://maven.apache.org/surefire/maven-surefire-plugin/xsd/surefire-test-report-3.0.xsd" version="3.0" name="io.declarative.http.api.auth.AuthInterceptorsIntegrationTest" time="1.045" tests="7" errors="0" skipped="0" failures="0">
  <properties>
[...]
</properties>
  <testcase name="oAuth_blankToken_passesThrough" classname="io.declarative.http.api.auth.AuthInterceptorsIntegrationTest" time="0.306">
    <system-err><![CDATA[[main] INFO org.eclipse.jetty.server.Server - jetty-11.0.20; built: 2024-01-29T21:04:22.394Z; git: 922f8dc188f7011e60d0361de585fd4ac4d63064; jvm 21.0.6+8-LTS-188
[main] INFO org.eclipse.jetty.server.handler.ContextHandler - Started o.e.j.s.ServletContextHandler@52a36910{/__admin,null,AVAILABLE}
[main] INFO org.eclipse.jetty.server.handler.ContextHandler.ROOT - RequestHandlerClass from context returned com.github.tomakehurst.wiremock.http.StubRequestHandler. Normalized mapped under returned 'null'
[main] INFO org.eclipse.jetty.server.handler.ContextHandler - Started o.e.j.s.ServletContextHandler@1ded7b14{/,null,AVAILABLE}
[main] INFO org.eclipse.jetty.server.AbstractConnector - Started NetworkTrafficServerConnector@7e985ce9{HTTP/1.1, (http/1.1, h2c)}{0.0.0.0:62580}
[main] INFO org.eclipse.jetty.server.Server - Started Server@7ed9ae94{STARTING}[11.0.20,sto=1000] @1009ms
]]></system-err>
  </testcase>
  <testcase name="basicAuth_dynamicCredentials_rotatesCorrectly" classname="io.declarative.http.api.auth.AuthInterceptorsIntegrationTest" time="0.014"/>
  <testcase name="oAuth_customTokenType_addsCorrectHeader" classname="io.declarative.http.api.auth.AuthInterceptorsIntegrationTest" time="0.008"/>
  <testcase name="oAuth_defaultBearerType_addsHeader" classname="io.declarative.http.api.auth.AuthInterceptorsIntegrationTest" time="0.011"/>
  <testcase name="bearerAuth_nullToken_passesThrough" classname="io.declarative.http.api.auth.AuthInterceptorsIntegrationTest" time="0.006"/>
  <testcase name="bearerAuth_addsCorrectHeader" classname="io.declarative.http.api.auth.AuthInterceptorsIntegrationTest" time="0.007"/>
  <testcase name="basicAuth_staticCredentials_addsCorrectHeader" classname="io.declarative.http.api.auth.AuthInterceptorsIntegrationTest" time="0.007"/>
</testsuite>